PRT1
4
4
16
4 0 2 0 (0 0 8 ) (0 0 200 ) (0 256 200 ) (0 256 8 ) 
4 0 1 0 (0 0 200 ) (0 0 8 ) (400 0 8 ) (400 0 200 ) 
4 1 3 0 (0 -272 200 ) (0 0 200 ) (0 0 8 ) (0 -272 8 ) 
4 2 3 0 (-408 0 8 ) (0 0 8 ) (0 0 200 ) (-408 0 200 ) 
4 0 (400 256 200 ) (0 256 200 ) (0 0 200 ) (400 0 200 ) 
4 0 (400 0 8 ) (0 0 8 ) (0 256 8 ) (400 256 8 ) 
4 0 (400 256 200 ) (400 256 8 ) (0 256 8 ) (0 256 200 ) 
4 0 (400 0 8 ) (400 256 8 ) (400 256 200 ) (400 0 200 ) 
4 1 (400 -272 200 ) (400 0 200 ) (0 0 200 ) (0 -272 200 ) 
4 1 (0 -272 8 ) (0 0 8 ) (400 0 8 ) (400 -272 8 ) 
4 1 (400 -272 200 ) (400 -272 8 ) (400 0 8 ) (400 0 200 ) 
4 1 (0 -272 8 ) (400 -272 8 ) (400 -272 200 ) (0 -272 200 ) 
4 2 (0 256 200 ) (-408 256 200 ) (-408 0 200 ) (0 0 200 ) 
4 2 (0 0 8 ) (-408 0 8 ) (-408 256 8 ) (0 256 8 ) 
4 2 (-408 256 8 ) (-408 0 8 ) (-408 0 200 ) (-408 256 200 ) 
4 2 (0 256 8 ) (-408 256 8 ) (-408 256 200 ) (0 256 200 ) 
4 3 (0 -272 200 ) (0 0 200 ) (-408 0 200 ) (-408 -272 200 ) 
4 3 (-408 0 8 ) (0 0 8 ) (0 -272 8 ) (-408 -272 8 ) 
4 3 (-408 0 200 ) (-408 0 8 ) (-408 -272 8 ) (-408 -272 200 ) 
4 3 (0 -272 200 ) (-408 -272 200 ) (-408 -272 8 ) (0 -272 8 ) 
